Flow report for FlappyBird
Fri Apr 27 15:03:02 2018
Quartus Prime Version 17.1.0 Build 590 10/25/2017 SJ Lite Edition


---------------------
; Table of Contents ;
---------------------
  1. Legal Notice
  2. Flow Summary
  3. Flow Settings
  4. Flow Non-Default Global Settings
  5. Flow Elapsed Time
  6. Flow OS Summary
  7. Flow Log
  8. Flow Messages
  9. Flow Suppressed Messages



----------------
; Legal Notice ;
----------------
Copyright (C) 2017  Intel Corporation. All rights reserved.
Your use of Intel Corporation's design tools, logic functions 
and other software and tools, and its AMPP partner logic 
functions, and any output files from any of the foregoing 
(including device programming or simulation files), and any 
associated documentation or information are expressly subject 
to the terms and conditions of the Intel Program License 
Subscription Agreement, the Intel Quartus Prime License Agreement,
the Intel FPGA IP License Agreement, or other applicable license
agreement, including, without limitation, that your use is for
the sole purpose of programming logic devices manufactured by
Intel and sold by Intel or its authorized distributors.  Please
refer to the applicable agreement for further details.



+----------------------------------------------------------------------------------+
; Flow Summary                                                                     ;
+------------------------------------+---------------------------------------------+
; Flow Status                        ; Successful - Fri Apr 27 15:03:02 2018       ;
; Quartus Prime Version              ; 17.1.0 Build 590 10/25/2017 SJ Lite Edition ;
; Revision Name                      ; FlappyBird                                  ;
; Top-level Entity Name              ; VGA                                         ;
; Family                             ; Cyclone IV E                                ;
; Device                             ; EP4CE115F29C7                               ;
; Timing Models                      ; Final                                       ;
; Total logic elements               ; 887 / 114,480 ( < 1 % )                     ;
;     Total combinational functions  ; 864 / 114,480 ( < 1 % )                     ;
;     Dedicated logic registers      ; 172 / 114,480 ( < 1 % )                     ;
; Total registers                    ; 172                                         ;
; Total pins                         ; 135 / 529 ( 26 % )                          ;
; Total virtual pins                 ; 0                                           ;
; Total memory bits                  ; 1,873,200 / 3,981,312 ( 47 % )              ;
; Embedded Multiplier 9-bit elements ; 0 / 532 ( 0 % )                             ;
; Total PLLs                         ; 1 / 4 ( 25 % )                              ;
+------------------------------------+---------------------------------------------+


+-----------------------------------------+
; Flow Settings                           ;
+-------------------+---------------------+
; Option            ; Setting             ;
+-------------------+---------------------+
; Start date & time ; 04/27/2018 15:01:36 ;
; Main task         ; Compilation         ;
; Revision Name     ; FlappyBird          ;
+-------------------+---------------------+


+-----------------------------------------------------------------------------------------------------------------------------+
; Flow Non-Default Global Settings                                                                                            ;
+-------------------------------------+----------------------------------------+---------------+-------------+----------------+
; Assignment Name                     ; Value                                  ; Default Value ; Entity Name ; Section Id     ;
+-------------------------------------+----------------------------------------+---------------+-------------+----------------+
; COMPILER_SIGNATURE_ID               ; 128534985340146.152485929523592        ; --            ; --          ; --             ;
; EDA_OUTPUT_DATA_FORMAT              ; Verilog Hdl                            ; --            ; --          ; eda_simulation ;
; EDA_SIMULATION_TOOL                 ; ModelSim-Altera (Verilog)              ; <None>        ; --          ; --             ;
; EDA_TIME_SCALE                      ; 1 ps                                   ; --            ; --          ; eda_simulation ;
; MAX_CORE_JUNCTION_TEMP              ; 85                                     ; --            ; --          ; --             ;
; MIN_CORE_JUNCTION_TEMP              ; 0                                      ; --            ; --          ; --             ;
; MISC_FILE                           ; background.cmp                         ; --            ; --          ; --             ;
; MISC_FILE                           ; bird_image.cmp                         ; --            ; --          ; --             ;
; NOMINAL_CORE_SUPPLY_VOLTAGE         ; 1.2V                                   ; --            ; --          ; --             ;
; PARTITION_COLOR                     ; -- (Not supported for targeted family) ; --            ; VGA         ; Top            ;
; PARTITION_FITTER_PRESERVATION_LEVEL ; -- (Not supported for targeted family) ; --            ; VGA         ; Top            ;
; PARTITION_NETLIST_TYPE              ; -- (Not supported for targeted family) ; --            ; VGA         ; Top            ;
; POWER_BOARD_THERMAL_MODEL           ; None (CONSERVATIVE)                    ; --            ; --          ; --             ;
; POWER_PRESET_COOLING_SOLUTION       ; 23 MM HEAT SINK WITH 200 LFPM AIRFLOW  ; --            ; --          ; --             ;
; PROJECT_OUTPUT_DIRECTORY            ; output_files                           ; --            ; --          ; --             ;
; TOP_LEVEL_ENTITY                    ; VGA                                    ; FlappyBird    ; --          ; --             ;
+-------------------------------------+----------------------------------------+---------------+-------------+----------------+


+-------------------------------------------------------------------------------------------------------------------------------+
; Flow Elapsed Time                                                                                                             ;
+---------------------------+--------------+-------------------------+---------------------+------------------------------------+
; Module Name               ; Elapsed Time ; Average Processors Used ; Peak Virtual Memory ; Total CPU Time (on all processors) ;
+---------------------------+--------------+-------------------------+---------------------+------------------------------------+
; Analysis & Synthesis      ; 00:00:21     ; 1.0                     ; 764 MB              ; 00:00:42                           ;
; Fitter                    ; 00:00:44     ; 1.0                     ; 1456 MB             ; 00:00:58                           ;
; Assembler                 ; 00:00:05     ; 1.0                     ; 625 MB              ; 00:00:05                           ;
; TimeQuest Timing Analyzer ; 00:00:06     ; 1.1                     ; 773 MB              ; 00:00:05                           ;
; EDA Netlist Writer        ; 00:00:04     ; 1.0                     ; 612 MB              ; 00:00:03                           ;
; Total                     ; 00:01:20     ; --                      ; --                  ; 00:01:53                           ;
+---------------------------+--------------+-------------------------+---------------------+------------------------------------+


+-----------------------------------------------------------------------------------------+
; Flow OS Summary                                                                         ;
+---------------------------+------------------+------------+------------+----------------+
; Module Name               ; Machine Hostname ; OS Name    ; OS Version ; Processor type ;
+---------------------------+------------------+------------+------------+----------------+
; Analysis & Synthesis      ; BAO-PC           ; Windows 10 ; 10.0       ; x86_64         ;
; Fitter                    ; BAO-PC           ; Windows 10 ; 10.0       ; x86_64         ;
; Assembler                 ; BAO-PC           ; Windows 10 ; 10.0       ; x86_64         ;
; TimeQuest Timing Analyzer ; BAO-PC           ; Windows 10 ; 10.0       ; x86_64         ;
; EDA Netlist Writer        ; BAO-PC           ; Windows 10 ; 10.0       ; x86_64         ;
+---------------------------+------------------+------------+------------+----------------+


------------
; Flow Log ;
------------
quartus_map --read_settings_files=on --write_settings_files=off FlappyBird -c FlappyBird
quartus_fit --read_settings_files=off --write_settings_files=off FlappyBird -c FlappyBird
quartus_asm --read_settings_files=off --write_settings_files=off FlappyBird -c FlappyBird
quartus_sta FlappyBird -c FlappyBird
quartus_eda --read_settings_files=off --write_settings_files=off FlappyBird -c FlappyBird



